{"/home/ochab/hexlet-projects/backend-project-lvl2/src/genDiff.js": {"path":"/home/ochab/hexlet-projects/backend-project-lvl2/src/genDiff.js","all":false,"statementMap":{"0":{"start":{"line":1,"column":0},"end":{"line":1,"column":23}},"1":{"start":{"line":2,"column":0},"end":{"line":2,"column":0}},"2":{"start":{"line":3,"column":0},"end":{"line":3,"column":33}},"3":{"start":{"line":4,"column":0},"end":{"line":4,"column":32}},"4":{"start":{"line":5,"column":0},"end":{"line":5,"column":32}},"5":{"start":{"line":6,"column":0},"end":{"line":6,"column":50}},"6":{"start":{"line":7,"column":0},"end":{"line":7,"column":0}},"7":{"start":{"line":8,"column":0},"end":{"line":8,"column":20}},"8":{"start":{"line":9,"column":0},"end":{"line":9,"column":45}},"9":{"start":{"line":10,"column":0},"end":{"line":10,"column":0}},"10":{"start":{"line":11,"column":0},"end":{"line":11,"column":47}},"11":{"start":{"line":12,"column":0},"end":{"line":12,"column":0}},"12":{"start":{"line":13,"column":0},"end":{"line":13,"column":53}},"13":{"start":{"line":14,"column":0},"end":{"line":14,"column":0}},"14":{"start":{"line":15,"column":0},"end":{"line":15,"column":74}},"15":{"start":{"line":16,"column":0},"end":{"line":16,"column":0}},"16":{"start":{"line":17,"column":0},"end":{"line":17,"column":40}},"17":{"start":{"line":18,"column":0},"end":{"line":18,"column":38}},"18":{"start":{"line":19,"column":0},"end":{"line":19,"column":42}},"19":{"start":{"line":20,"column":0},"end":{"line":20,"column":32}},"20":{"start":{"line":21,"column":0},"end":{"line":21,"column":29}},"21":{"start":{"line":22,"column":0},"end":{"line":22,"column":57}},"22":{"start":{"line":23,"column":0},"end":{"line":23,"column":34}},"23":{"start":{"line":24,"column":0},"end":{"line":24,"column":7}},"24":{"start":{"line":25,"column":0},"end":{"line":25,"column":28}},"25":{"start":{"line":26,"column":0},"end":{"line":26,"column":52}},"26":{"start":{"line":27,"column":0},"end":{"line":27,"column":19}},"27":{"start":{"line":28,"column":0},"end":{"line":28,"column":7}},"28":{"start":{"line":29,"column":0},"end":{"line":29,"column":32}},"29":{"start":{"line":30,"column":0},"end":{"line":30,"column":17}},"30":{"start":{"line":31,"column":0},"end":{"line":31,"column":11}},"31":{"start":{"line":32,"column":0},"end":{"line":32,"column":4}},"32":{"start":{"line":33,"column":0},"end":{"line":33,"column":0}},"33":{"start":{"line":34,"column":0},"end":{"line":34,"column":31}},"34":{"start":{"line":35,"column":0},"end":{"line":35,"column":23}},"35":{"start":{"line":36,"column":0},"end":{"line":36,"column":89}},"36":{"start":{"line":37,"column":0},"end":{"line":37,"column":32}},"37":{"start":{"line":38,"column":0},"end":{"line":38,"column":89}},"38":{"start":{"line":39,"column":0},"end":{"line":39,"column":78}},"39":{"start":{"line":40,"column":0},"end":{"line":40,"column":59}},"40":{"start":{"line":41,"column":0},"end":{"line":41,"column":32}},"41":{"start":{"line":42,"column":0},"end":{"line":42,"column":89}},"42":{"start":{"line":43,"column":0},"end":{"line":43,"column":89}},"43":{"start":{"line":44,"column":0},"end":{"line":44,"column":12}},"44":{"start":{"line":45,"column":0},"end":{"line":45,"column":91}},"45":{"start":{"line":46,"column":0},"end":{"line":46,"column":5}},"46":{"start":{"line":47,"column":0},"end":{"line":47,"column":4}},"47":{"start":{"line":48,"column":0},"end":{"line":48,"column":0}},"48":{"start":{"line":49,"column":0},"end":{"line":49,"column":37}},"49":{"start":{"line":50,"column":0},"end":{"line":50,"column":16}},"50":{"start":{"line":51,"column":0},"end":{"line":51,"column":2}},"51":{"start":{"line":52,"column":0},"end":{"line":52,"column":0}},"52":{"start":{"line":53,"column":0},"end":{"line":53,"column":23}}},"s":{"0":1,"1":1,"2":1,"3":10,"4":10,"5":10,"6":10,"7":10,"8":10,"9":10,"10":10,"11":10,"12":10,"13":10,"14":10,"15":10,"16":10,"17":14,"18":14,"19":18,"20":18,"21":18,"22":18,"23":18,"24":18,"25":6,"26":6,"27":6,"28":12,"29":12,"30":14,"31":14,"32":10,"33":10,"34":36,"35":26,"36":26,"37":22,"38":22,"39":14,"40":14,"41":6,"42":6,"43":6,"44":6,"45":6,"46":36,"47":10,"48":10,"49":10,"50":10,"51":1,"52":1},"branchMap":{"0":{"type":"branch","line":3,"loc":{"start":{"line":3,"column":16},"end":{"line":51,"column":2}},"locations":[{"start":{"line":3,"column":16},"end":{"line":51,"column":2}}]},"1":{"type":"branch","line":9,"loc":{"start":{"line":9,"column":19},"end":{"line":9,"column":29}},"locations":[{"start":{"line":9,"column":19},"end":{"line":9,"column":29}}]},"2":{"type":"branch","line":11,"loc":{"start":{"line":11,"column":21},"end":{"line":11,"column":31}},"locations":[{"start":{"line":11,"column":21},"end":{"line":11,"column":31}}]},"3":{"type":"branch","line":13,"loc":{"start":{"line":13,"column":21},"end":{"line":13,"column":48}},"locations":[{"start":{"line":13,"column":21},"end":{"line":13,"column":48}}]},"4":{"type":"branch","line":15,"loc":{"start":{"line":15,"column":20},"end":{"line":15,"column":74}},"locations":[{"start":{"line":15,"column":20},"end":{"line":15,"column":74}}]},"5":{"type":"branch","line":15,"loc":{"start":{"line":15,"column":30},"end":{"line":15,"column":74}},"locations":[{"start":{"line":15,"column":30},"end":{"line":15,"column":74}}]},"6":{"type":"branch","line":17,"loc":{"start":{"line":17,"column":28},"end":{"line":32,"column":4}},"locations":[{"start":{"line":17,"column":28},"end":{"line":32,"column":4}}]},"7":{"type":"branch","line":19,"loc":{"start":{"line":19,"column":26},"end":{"line":31,"column":7}},"locations":[{"start":{"line":19,"column":26},"end":{"line":31,"column":7}}]},"8":{"type":"branch","line":22,"loc":{"start":{"line":22,"column":10},"end":{"line":22,"column":38}},"locations":[{"start":{"line":22,"column":10},"end":{"line":22,"column":38}}]},"9":{"type":"branch","line":25,"loc":{"start":{"line":25,"column":27},"end":{"line":28,"column":7}},"locations":[{"start":{"line":25,"column":27},"end":{"line":28,"column":7}}]},"10":{"type":"branch","line":29,"loc":{"start":{"line":29,"column":-1},"end":{"line":31,"column":7}},"locations":[{"start":{"line":29,"column":-1},"end":{"line":31,"column":7}}]},"11":{"type":"branch","line":34,"loc":{"start":{"line":34,"column":22},"end":{"line":47,"column":4}},"locations":[{"start":{"line":34,"column":22},"end":{"line":47,"column":4}}]},"12":{"type":"branch","line":35,"loc":{"start":{"line":35,"column":22},"end":{"line":37,"column":11}},"locations":[{"start":{"line":35,"column":22},"end":{"line":37,"column":11}}]},"13":{"type":"branch","line":36,"loc":{"start":{"line":36,"column":27},"end":{"line":36,"column":66}},"locations":[{"start":{"line":36,"column":27},"end":{"line":36,"column":66}}]},"14":{"type":"branch","line":36,"loc":{"start":{"line":36,"column":27},"end":{"line":36,"column":84}},"locations":[{"start":{"line":36,"column":27},"end":{"line":36,"column":84}}]},"15":{"type":"branch","line":35,"loc":{"start":{"line":35,"column":4},"end":{"line":46,"column":5}},"locations":[{"start":{"line":35,"column":4},"end":{"line":46,"column":5}}]},"16":{"type":"branch","line":37,"loc":{"start":{"line":37,"column":31},"end":{"line":39,"column":11}},"locations":[{"start":{"line":37,"column":31},"end":{"line":39,"column":11}}]},"17":{"type":"branch","line":38,"loc":{"start":{"line":38,"column":27},"end":{"line":38,"column":66}},"locations":[{"start":{"line":38,"column":27},"end":{"line":38,"column":66}}]},"18":{"type":"branch","line":38,"loc":{"start":{"line":38,"column":27},"end":{"line":38,"column":84}},"locations":[{"start":{"line":38,"column":27},"end":{"line":38,"column":84}}]},"19":{"type":"branch","line":37,"loc":{"start":{"line":37,"column":11},"end":{"line":46,"column":5}},"locations":[{"start":{"line":37,"column":11},"end":{"line":46,"column":5}}]},"20":{"type":"branch","line":39,"loc":{"start":{"line":39,"column":15},"end":{"line":39,"column":42}},"locations":[{"start":{"line":39,"column":15},"end":{"line":39,"column":42}}]},"21":{"type":"branch","line":39,"loc":{"start":{"line":39,"column":15},"end":{"line":39,"column":65}},"locations":[{"start":{"line":39,"column":15},"end":{"line":39,"column":65}}]},"22":{"type":"branch","line":39,"loc":{"start":{"line":39,"column":77},"end":{"line":41,"column":11}},"locations":[{"start":{"line":39,"column":77},"end":{"line":41,"column":11}}]},"23":{"type":"branch","line":39,"loc":{"start":{"line":39,"column":11},"end":{"line":46,"column":5}},"locations":[{"start":{"line":39,"column":11},"end":{"line":46,"column":5}}]},"24":{"type":"branch","line":41,"loc":{"start":{"line":41,"column":31},"end":{"line":44,"column":11}},"locations":[{"start":{"line":41,"column":31},"end":{"line":44,"column":11}}]},"25":{"type":"branch","line":42,"loc":{"start":{"line":42,"column":27},"end":{"line":42,"column":66}},"locations":[{"start":{"line":42,"column":27},"end":{"line":42,"column":66}}]},"26":{"type":"branch","line":42,"loc":{"start":{"line":42,"column":27},"end":{"line":42,"column":84}},"locations":[{"start":{"line":42,"column":27},"end":{"line":42,"column":84}}]},"27":{"type":"branch","line":43,"loc":{"start":{"line":43,"column":27},"end":{"line":43,"column":66}},"locations":[{"start":{"line":43,"column":27},"end":{"line":43,"column":66}}]},"28":{"type":"branch","line":41,"loc":{"start":{"line":41,"column":11},"end":{"line":46,"column":5}},"locations":[{"start":{"line":41,"column":11},"end":{"line":46,"column":5}}]},"29":{"type":"branch","line":45,"loc":{"start":{"line":45,"column":29},"end":{"line":45,"column":68}},"locations":[{"start":{"line":45,"column":29},"end":{"line":45,"column":68}}]},"30":{"type":"branch","line":49,"loc":{"start":{"line":49,"column":12},"end":{"line":49,"column":31}},"locations":[{"start":{"line":49,"column":12},"end":{"line":49,"column":31}}]}},"b":{"0":[10],"1":[36],"2":[26],"3":[36],"4":[80],"5":[34],"6":[14],"7":[18],"8":[0],"9":[6],"10":[12],"11":[36],"12":[10],"13":[4],"14":[6],"15":[26],"16":[4],"17":[2],"18":[2],"19":[22],"20":[16],"21":[10],"22":[8],"23":[14],"24":[8],"25":[2],"26":[6],"27":[0],"28":[6],"29":[0],"30":[36]},"fnMap":{"0":{"name":"genDiff","decl":{"start":{"line":3,"column":16},"end":{"line":51,"column":2}},"loc":{"start":{"line":3,"column":16},"end":{"line":51,"column":2}},"line":3},"1":{"name":"ifAdded","decl":{"start":{"line":9,"column":19},"end":{"line":9,"column":29}},"loc":{"start":{"line":9,"column":19},"end":{"line":9,"column":29}},"line":9},"2":{"name":"ifDeleted","decl":{"start":{"line":11,"column":21},"end":{"line":11,"column":31}},"loc":{"start":{"line":11,"column":21},"end":{"line":11,"column":31}},"line":11},"3":{"name":"ifChanged","decl":{"start":{"line":13,"column":21},"end":{"line":13,"column":48}},"loc":{"start":{"line":13,"column":21},"end":{"line":13,"column":48}},"line":13},"4":{"name":"isObject","decl":{"start":{"line":15,"column":20},"end":{"line":15,"column":74}},"loc":{"start":{"line":15,"column":20},"end":{"line":15,"column":74}},"line":15},"5":{"name":"addStylishObject","decl":{"start":{"line":17,"column":28},"end":{"line":32,"column":4}},"loc":{"start":{"line":17,"column":28},"end":{"line":32,"column":4}},"line":17},"6":{"name":"addKeyData","decl":{"start":{"line":34,"column":22},"end":{"line":47,"column":4}},"loc":{"start":{"line":34,"column":22},"end":{"line":47,"column":4}},"line":34}},"f":{"0":10,"1":36,"2":26,"3":36,"4":80,"5":14,"6":36}}
,"/home/ochab/hexlet-projects/backend-project-lvl2/src/index.js": {"path":"/home/ochab/hexlet-projects/backend-project-lvl2/src/index.js","all":false,"statementMap":{"0":{"start":{"line":1,"column":0},"end":{"line":1,"column":20}},"1":{"start":{"line":2,"column":0},"end":{"line":2,"column":24}},"2":{"start":{"line":3,"column":0},"end":{"line":3,"column":35}},"3":{"start":{"line":4,"column":0},"end":{"line":4,"column":37}},"4":{"start":{"line":5,"column":0},"end":{"line":5,"column":52}},"5":{"start":{"line":6,"column":0},"end":{"line":6,"column":0}},"6":{"start":{"line":7,"column":0},"end":{"line":7,"column":56}},"7":{"start":{"line":8,"column":0},"end":{"line":8,"column":0}},"8":{"start":{"line":9,"column":0},"end":{"line":9,"column":35}},"9":{"start":{"line":10,"column":0},"end":{"line":10,"column":36}},"10":{"start":{"line":11,"column":0},"end":{"line":11,"column":59}},"11":{"start":{"line":12,"column":0},"end":{"line":12,"column":58}},"12":{"start":{"line":13,"column":0},"end":{"line":13,"column":39}},"13":{"start":{"line":14,"column":0},"end":{"line":14,"column":50}},"14":{"start":{"line":15,"column":0},"end":{"line":15,"column":20}},"15":{"start":{"line":16,"column":0},"end":{"line":16,"column":2}},"16":{"start":{"line":17,"column":0},"end":{"line":17,"column":0}},"17":{"start":{"line":18,"column":0},"end":{"line":18,"column":50}},"18":{"start":{"line":19,"column":0},"end":{"line":19,"column":39}},"19":{"start":{"line":20,"column":0},"end":{"line":20,"column":39}},"20":{"start":{"line":21,"column":0},"end":{"line":21,"column":44}},"21":{"start":{"line":22,"column":0},"end":{"line":22,"column":41}},"22":{"start":{"line":23,"column":0},"end":{"line":23,"column":2}}},"s":{"0":1,"1":1,"2":1,"3":1,"4":1,"5":1,"6":1,"7":1,"8":1,"9":4,"10":4,"11":4,"12":4,"13":4,"14":4,"15":4,"16":1,"17":1,"18":2,"19":2,"20":2,"21":2,"22":2},"branchMap":{"0":{"type":"branch","line":7,"loc":{"start":{"line":7,"column":20},"end":{"line":7,"column":37}},"locations":[{"start":{"line":7,"column":20},"end":{"line":7,"column":37}}]},"1":{"type":"branch","line":9,"loc":{"start":{"line":9,"column":21},"end":{"line":16,"column":2}},"locations":[{"start":{"line":9,"column":21},"end":{"line":16,"column":2}}]},"2":{"type":"branch","line":18,"loc":{"start":{"line":18,"column":15},"end":{"line":23,"column":2}},"locations":[{"start":{"line":18,"column":15},"end":{"line":23,"column":2}}]}},"b":{"0":[4],"1":[4],"2":[2]},"fnMap":{"0":{"name":"getExtName","decl":{"start":{"line":7,"column":20},"end":{"line":7,"column":37}},"loc":{"start":{"line":7,"column":20},"end":{"line":7,"column":37}},"line":7},"1":{"name":"getFileData","decl":{"start":{"line":9,"column":21},"end":{"line":16,"column":2}},"loc":{"start":{"line":9,"column":21},"end":{"line":16,"column":2}},"line":9},"2":{"name":"default","decl":{"start":{"line":18,"column":15},"end":{"line":23,"column":2}},"loc":{"start":{"line":18,"column":15},"end":{"line":23,"column":2}},"line":18}},"f":{"0":4,"1":4,"2":2}}
,"/home/ochab/hexlet-projects/backend-project-lvl2/src/parsers.js": {"path":"/home/ochab/hexlet-projects/backend-project-lvl2/src/parsers.js","all":false,"statementMap":{"0":{"start":{"line":1,"column":0},"end":{"line":1,"column":27}},"1":{"start":{"line":2,"column":0},"end":{"line":2,"column":0}},"2":{"start":{"line":3,"column":0},"end":{"line":3,"column":42}},"3":{"start":{"line":4,"column":0},"end":{"line":4,"column":28}},"4":{"start":{"line":5,"column":0},"end":{"line":5,"column":32}},"5":{"start":{"line":6,"column":0},"end":{"line":6,"column":3}},"6":{"start":{"line":7,"column":0},"end":{"line":7,"column":50}},"7":{"start":{"line":8,"column":0},"end":{"line":8,"column":31}},"8":{"start":{"line":9,"column":0},"end":{"line":9,"column":3}},"9":{"start":{"line":10,"column":0},"end":{"line":10,"column":74}},"10":{"start":{"line":11,"column":0},"end":{"line":11,"column":2}},"11":{"start":{"line":12,"column":0},"end":{"line":12,"column":0}},"12":{"start":{"line":13,"column":0},"end":{"line":13,"column":25}}},"s":{"0":1,"1":1,"2":1,"3":4,"4":2,"5":2,"6":4,"7":2,"8":2,"9":0,"10":0,"11":1,"12":1},"branchMap":{"0":{"type":"branch","line":3,"loc":{"start":{"line":3,"column":18},"end":{"line":11,"column":2}},"locations":[{"start":{"line":3,"column":18},"end":{"line":11,"column":2}}]},"1":{"type":"branch","line":4,"loc":{"start":{"line":4,"column":27},"end":{"line":7,"column":13}},"locations":[{"start":{"line":4,"column":27},"end":{"line":7,"column":13}}]},"2":{"type":"branch","line":7,"loc":{"start":{"line":7,"column":6},"end":{"line":7,"column":49}},"locations":[{"start":{"line":7,"column":6},"end":{"line":7,"column":49}}]},"3":{"type":"branch","line":7,"loc":{"start":{"line":7,"column":49},"end":{"line":9,"column":3}},"locations":[{"start":{"line":7,"column":49},"end":{"line":9,"column":3}}]},"4":{"type":"branch","line":10,"loc":{"start":{"line":10,"column":-1},"end":{"line":11,"column":2}},"locations":[{"start":{"line":10,"column":-1},"end":{"line":11,"column":2}}]}},"b":{"0":[4],"1":[2],"2":[0],"3":[2],"4":[0]},"fnMap":{"0":{"name":"parseData","decl":{"start":{"line":3,"column":18},"end":{"line":11,"column":2}},"loc":{"start":{"line":3,"column":18},"end":{"line":11,"column":2}},"line":3}},"f":{"0":4}}
,"/home/ochab/hexlet-projects/backend-project-lvl2/src/formatters/formatsNav.js": {"path":"/home/ochab/hexlet-projects/backend-project-lvl2/src/formatters/formatsNav.js","all":false,"statementMap":{"0":{"start":{"line":1,"column":0},"end":{"line":1,"column":39}},"1":{"start":{"line":2,"column":0},"end":{"line":2,"column":0}},"2":{"start":{"line":3,"column":0},"end":{"line":3,"column":34}},"3":{"start":{"line":4,"column":0},"end":{"line":4,"column":29}},"4":{"start":{"line":5,"column":0},"end":{"line":5,"column":29}},"5":{"start":{"line":6,"column":0},"end":{"line":6,"column":3}},"6":{"start":{"line":7,"column":0},"end":{"line":7,"column":53}},"7":{"start":{"line":8,"column":0},"end":{"line":8,"column":2}}},"s":{"0":1,"1":1,"2":1,"3":2,"4":2,"5":2,"6":0,"7":0},"branchMap":{"0":{"type":"branch","line":3,"loc":{"start":{"line":3,"column":15},"end":{"line":8,"column":2}},"locations":[{"start":{"line":3,"column":15},"end":{"line":8,"column":2}}]},"1":{"type":"branch","line":7,"loc":{"start":{"line":7,"column":-1},"end":{"line":8,"column":2}},"locations":[{"start":{"line":7,"column":-1},"end":{"line":8,"column":2}}]}},"b":{"0":[2],"1":[0]},"fnMap":{"0":{"name":"default","decl":{"start":{"line":3,"column":15},"end":{"line":8,"column":2}},"loc":{"start":{"line":3,"column":15},"end":{"line":8,"column":2}},"line":3}},"f":{"0":2}}
,"/home/ochab/hexlet-projects/backend-project-lvl2/src/formatters/stylish.js": {"path":"/home/ochab/hexlet-projects/backend-project-lvl2/src/formatters/stylish.js","all":false,"statementMap":{"0":{"start":{"line":1,"column":0},"end":{"line":1,"column":23}},"1":{"start":{"line":2,"column":0},"end":{"line":2,"column":0}},"2":{"start":{"line":3,"column":0},"end":{"line":3,"column":30}},"3":{"start":{"line":4,"column":0},"end":{"line":4,"column":20}},"4":{"start":{"line":5,"column":0},"end":{"line":5,"column":0}},"5":{"start":{"line":6,"column":0},"end":{"line":6,"column":49}},"6":{"start":{"line":7,"column":0},"end":{"line":7,"column":27}},"7":{"start":{"line":8,"column":0},"end":{"line":8,"column":38}},"8":{"start":{"line":9,"column":0},"end":{"line":9,"column":42}},"9":{"start":{"line":10,"column":0},"end":{"line":10,"column":32}},"10":{"start":{"line":11,"column":0},"end":{"line":11,"column":56}},"11":{"start":{"line":12,"column":0},"end":{"line":12,"column":19}},"12":{"start":{"line":13,"column":0},"end":{"line":13,"column":62}},"13":{"start":{"line":14,"column":0},"end":{"line":14,"column":19}},"14":{"start":{"line":15,"column":0},"end":{"line":15,"column":51}},"15":{"start":{"line":16,"column":0},"end":{"line":16,"column":29}},"16":{"start":{"line":17,"column":0},"end":{"line":17,"column":54}},"17":{"start":{"line":18,"column":0},"end":{"line":18,"column":19}},"18":{"start":{"line":19,"column":0},"end":{"line":19,"column":19}},"19":{"start":{"line":20,"column":0},"end":{"line":20,"column":7}},"20":{"start":{"line":21,"column":0},"end":{"line":21,"column":17}},"21":{"start":{"line":22,"column":0},"end":{"line":22,"column":65}},"22":{"start":{"line":23,"column":0},"end":{"line":23,"column":17}},"23":{"start":{"line":24,"column":0},"end":{"line":24,"column":17}},"24":{"start":{"line":25,"column":0},"end":{"line":25,"column":11}},"25":{"start":{"line":26,"column":0},"end":{"line":26,"column":4}},"26":{"start":{"line":27,"column":0},"end":{"line":27,"column":29}},"27":{"start":{"line":28,"column":0},"end":{"line":28,"column":21}},"28":{"start":{"line":29,"column":0},"end":{"line":29,"column":34}},"29":{"start":{"line":30,"column":0},"end":{"line":30,"column":3}},"30":{"start":{"line":31,"column":0},"end":{"line":31,"column":17}},"31":{"start":{"line":32,"column":0},"end":{"line":32,"column":19}},"32":{"start":{"line":33,"column":0},"end":{"line":33,"column":55}},"33":{"start":{"line":34,"column":0},"end":{"line":34,"column":21}},"34":{"start":{"line":35,"column":0},"end":{"line":35,"column":2}},"35":{"start":{"line":36,"column":0},"end":{"line":36,"column":0}},"36":{"start":{"line":37,"column":0},"end":{"line":37,"column":27}}},"s":{"0":1,"1":1,"2":1,"3":2,"4":2,"5":2,"6":24,"7":24,"8":24,"9":62,"10":62,"11":22,"12":22,"13":22,"14":22,"15":22,"16":22,"17":22,"18":22,"19":22,"20":40,"21":40,"22":40,"23":40,"24":24,"25":24,"26":2,"27":2,"28":2,"29":2,"30":2,"31":2,"32":2,"33":2,"34":2,"35":1,"36":1},"branchMap":{"0":{"type":"branch","line":3,"loc":{"start":{"line":3,"column":21},"end":{"line":35,"column":2}},"locations":[{"start":{"line":3,"column":21},"end":{"line":35,"column":2}}]},"1":{"type":"branch","line":6,"loc":{"start":{"line":6,"column":20},"end":{"line":26,"column":4}},"locations":[{"start":{"line":6,"column":20},"end":{"line":26,"column":4}}]},"2":{"type":"branch","line":9,"loc":{"start":{"line":9,"column":26},"end":{"line":25,"column":7}},"locations":[{"start":{"line":9,"column":26},"end":{"line":25,"column":7}}]},"3":{"type":"branch","line":11,"loc":{"start":{"line":11,"column":10},"end":{"line":11,"column":55}},"locations":[{"start":{"line":11,"column":10},"end":{"line":11,"column":55}}]},"4":{"type":"branch","line":11,"loc":{"start":{"line":11,"column":55},"end":{"line":20,"column":7}},"locations":[{"start":{"line":11,"column":55},"end":{"line":20,"column":7}}]},"5":{"type":"branch","line":21,"loc":{"start":{"line":21,"column":-1},"end":{"line":25,"column":7}},"locations":[{"start":{"line":21,"column":-1},"end":{"line":25,"column":7}}]},"6":{"type":"branch","line":27,"loc":{"start":{"line":27,"column":2},"end":{"line":30,"column":3}},"locations":[{"start":{"line":27,"column":2},"end":{"line":30,"column":3}}]}},"b":{"0":[2],"1":[24],"2":[62],"3":[24],"4":[22],"5":[40],"6":[2]},"fnMap":{"0":{"name":"makeStylish","decl":{"start":{"line":3,"column":21},"end":{"line":35,"column":2}},"loc":{"start":{"line":3,"column":21},"end":{"line":35,"column":2}},"line":3},"1":{"name":"addObject","decl":{"start":{"line":6,"column":20},"end":{"line":26,"column":4}},"loc":{"start":{"line":6,"column":20},"end":{"line":26,"column":4}},"line":6},"2":{"name":"formatted","decl":{"start":{"line":27,"column":2},"end":{"line":30,"column":3}},"loc":{"start":{"line":27,"column":2},"end":{"line":30,"column":3}},"line":27}},"f":{"0":2,"1":24,"2":2}}
}
