{"/home/ochab/hexlet-projects/backend-project-lvl2/src/genDiff.js": {"path":"/home/ochab/hexlet-projects/backend-project-lvl2/src/genDiff.js","all":false,"statementMap":{"0":{"start":{"line":1,"column":0},"end":{"line":1,"column":23}},"1":{"start":{"line":2,"column":0},"end":{"line":2,"column":0}},"2":{"start":{"line":3,"column":0},"end":{"line":3,"column":32}},"3":{"start":{"line":4,"column":0},"end":{"line":4,"column":32}},"4":{"start":{"line":5,"column":0},"end":{"line":5,"column":32}},"5":{"start":{"line":6,"column":0},"end":{"line":6,"column":50}},"6":{"start":{"line":7,"column":0},"end":{"line":7,"column":0}},"7":{"start":{"line":8,"column":0},"end":{"line":8,"column":20}},"8":{"start":{"line":9,"column":0},"end":{"line":9,"column":53}},"9":{"start":{"line":10,"column":0},"end":{"line":10,"column":0}},"10":{"start":{"line":11,"column":0},"end":{"line":11,"column":55}},"11":{"start":{"line":12,"column":0},"end":{"line":12,"column":0}},"12":{"start":{"line":13,"column":0},"end":{"line":13,"column":53}},"13":{"start":{"line":14,"column":0},"end":{"line":14,"column":0}},"14":{"start":{"line":15,"column":0},"end":{"line":15,"column":31}},"15":{"start":{"line":16,"column":0},"end":{"line":16,"column":23}},"16":{"start":{"line":17,"column":0},"end":{"line":17,"column":37}},"17":{"start":{"line":18,"column":0},"end":{"line":18,"column":32}},"18":{"start":{"line":19,"column":0},"end":{"line":19,"column":32}},"19":{"start":{"line":20,"column":0},"end":{"line":20,"column":37}},"20":{"start":{"line":21,"column":0},"end":{"line":21,"column":32}},"21":{"start":{"line":22,"column":0},"end":{"line":22,"column":37}},"22":{"start":{"line":23,"column":0},"end":{"line":23,"column":37}},"23":{"start":{"line":24,"column":0},"end":{"line":24,"column":12}},"24":{"start":{"line":25,"column":0},"end":{"line":25,"column":39}},"25":{"start":{"line":26,"column":0},"end":{"line":26,"column":5}},"26":{"start":{"line":27,"column":0},"end":{"line":27,"column":4}},"27":{"start":{"line":28,"column":0},"end":{"line":28,"column":0}},"28":{"start":{"line":29,"column":0},"end":{"line":29,"column":37}},"29":{"start":{"line":30,"column":0},"end":{"line":30,"column":16}},"30":{"start":{"line":31,"column":0},"end":{"line":31,"column":2}}},"s":{"0":1,"1":1,"2":1,"3":2,"4":2,"5":2,"6":2,"7":2,"8":2,"9":2,"10":2,"11":2,"12":2,"13":2,"14":2,"15":10,"16":8,"17":8,"18":8,"19":4,"20":4,"21":2,"22":2,"23":2,"24":2,"25":2,"26":10,"27":2,"28":2,"29":2,"30":2},"branchMap":{"0":{"type":"branch","line":3,"loc":{"start":{"line":3,"column":15},"end":{"line":31,"column":2}},"locations":[{"start":{"line":3,"column":15},"end":{"line":31,"column":2}}]},"1":{"type":"branch","line":9,"loc":{"start":{"line":9,"column":19},"end":{"line":9,"column":34}},"locations":[{"start":{"line":9,"column":19},"end":{"line":9,"column":34}}]},"2":{"type":"branch","line":11,"loc":{"start":{"line":11,"column":21},"end":{"line":11,"column":36}},"locations":[{"start":{"line":11,"column":21},"end":{"line":11,"column":36}}]},"3":{"type":"branch","line":13,"loc":{"start":{"line":13,"column":21},"end":{"line":13,"column":48}},"locations":[{"start":{"line":13,"column":21},"end":{"line":13,"column":48}}]},"4":{"type":"branch","line":15,"loc":{"start":{"line":15,"column":22},"end":{"line":27,"column":4}},"locations":[{"start":{"line":15,"column":22},"end":{"line":27,"column":4}}]},"5":{"type":"branch","line":16,"loc":{"start":{"line":16,"column":22},"end":{"line":19,"column":11}},"locations":[{"start":{"line":16,"column":22},"end":{"line":19,"column":11}}]},"6":{"type":"branch","line":16,"loc":{"start":{"line":16,"column":4},"end":{"line":26,"column":5}},"locations":[{"start":{"line":16,"column":4},"end":{"line":26,"column":5}}]},"7":{"type":"branch","line":19,"loc":{"start":{"line":19,"column":31},"end":{"line":26,"column":5}},"locations":[{"start":{"line":19,"column":31},"end":{"line":26,"column":5}}]},"8":{"type":"branch","line":21,"loc":{"start":{"line":21,"column":31},"end":{"line":26,"column":5}},"locations":[{"start":{"line":21,"column":31},"end":{"line":26,"column":5}}]},"9":{"type":"branch","line":29,"loc":{"start":{"line":29,"column":12},"end":{"line":29,"column":31}},"locations":[{"start":{"line":29,"column":12},"end":{"line":29,"column":31}}]}},"b":{"0":[2],"1":[10],"2":[8],"3":[4],"4":[10],"5":[2],"6":[8],"7":[4],"8":[2],"9":[10]},"fnMap":{"0":{"name":"default","decl":{"start":{"line":3,"column":15},"end":{"line":31,"column":2}},"loc":{"start":{"line":3,"column":15},"end":{"line":31,"column":2}},"line":3},"1":{"name":"ifAdded","decl":{"start":{"line":9,"column":19},"end":{"line":9,"column":34}},"loc":{"start":{"line":9,"column":19},"end":{"line":9,"column":34}},"line":9},"2":{"name":"ifDeleted","decl":{"start":{"line":11,"column":21},"end":{"line":11,"column":36}},"loc":{"start":{"line":11,"column":21},"end":{"line":11,"column":36}},"line":11},"3":{"name":"ifChanged","decl":{"start":{"line":13,"column":21},"end":{"line":13,"column":48}},"loc":{"start":{"line":13,"column":21},"end":{"line":13,"column":48}},"line":13},"4":{"name":"addKeyData","decl":{"start":{"line":15,"column":22},"end":{"line":27,"column":4}},"loc":{"start":{"line":15,"column":22},"end":{"line":27,"column":4}},"line":15}},"f":{"0":2,"1":10,"2":8,"3":4,"4":10}}
,"/home/ochab/hexlet-projects/backend-project-lvl2/src/index.js": {"path":"/home/ochab/hexlet-projects/backend-project-lvl2/src/index.js","all":false,"statementMap":{"0":{"start":{"line":1,"column":0},"end":{"line":1,"column":20}},"1":{"start":{"line":2,"column":0},"end":{"line":2,"column":24}},"2":{"start":{"line":3,"column":0},"end":{"line":3,"column":35}},"3":{"start":{"line":4,"column":0},"end":{"line":4,"column":37}},"4":{"start":{"line":5,"column":0},"end":{"line":5,"column":0}},"5":{"start":{"line":6,"column":0},"end":{"line":6,"column":56}},"6":{"start":{"line":7,"column":0},"end":{"line":7,"column":0}},"7":{"start":{"line":8,"column":0},"end":{"line":8,"column":35}},"8":{"start":{"line":9,"column":0},"end":{"line":9,"column":36}},"9":{"start":{"line":10,"column":0},"end":{"line":10,"column":59}},"10":{"start":{"line":11,"column":0},"end":{"line":11,"column":58}},"11":{"start":{"line":12,"column":0},"end":{"line":12,"column":39}},"12":{"start":{"line":13,"column":0},"end":{"line":13,"column":50}},"13":{"start":{"line":14,"column":0},"end":{"line":14,"column":20}},"14":{"start":{"line":15,"column":0},"end":{"line":15,"column":2}},"15":{"start":{"line":16,"column":0},"end":{"line":16,"column":0}},"16":{"start":{"line":17,"column":0},"end":{"line":17,"column":42}},"17":{"start":{"line":18,"column":0},"end":{"line":18,"column":39}},"18":{"start":{"line":19,"column":0},"end":{"line":19,"column":39}},"19":{"start":{"line":20,"column":0},"end":{"line":20,"column":44}},"20":{"start":{"line":21,"column":0},"end":{"line":21,"column":23}},"21":{"start":{"line":22,"column":0},"end":{"line":22,"column":29}},"22":{"start":{"line":23,"column":0},"end":{"line":23,"column":43}},"23":{"start":{"line":24,"column":0},"end":{"line":24,"column":38}},"24":{"start":{"line":25,"column":0},"end":{"line":25,"column":28}},"25":{"start":{"line":26,"column":0},"end":{"line":26,"column":7}},"26":{"start":{"line":27,"column":0},"end":{"line":27,"column":40}},"27":{"start":{"line":28,"column":0},"end":{"line":28,"column":26}},"28":{"start":{"line":29,"column":0},"end":{"line":29,"column":7}},"29":{"start":{"line":30,"column":0},"end":{"line":30,"column":3}},"30":{"start":{"line":31,"column":0},"end":{"line":31,"column":25}},"31":{"start":{"line":32,"column":0},"end":{"line":32,"column":19}},"32":{"start":{"line":33,"column":0},"end":{"line":33,"column":40}},"33":{"start":{"line":34,"column":0},"end":{"line":34,"column":21}},"34":{"start":{"line":35,"column":0},"end":{"line":35,"column":2}}},"s":{"0":1,"1":1,"2":1,"3":1,"4":1,"5":1,"6":1,"7":1,"8":5,"9":5,"10":5,"11":5,"12":5,"13":5,"14":5,"15":1,"16":1,"17":3,"18":3,"19":3,"20":3,"21":3,"22":2,"23":14,"24":2,"25":2,"26":12,"27":12,"28":12,"29":2,"30":3,"31":3,"32":3,"33":3,"34":3},"branchMap":{"0":{"type":"branch","line":6,"loc":{"start":{"line":6,"column":20},"end":{"line":6,"column":37}},"locations":[{"start":{"line":6,"column":20},"end":{"line":6,"column":37}}]},"1":{"type":"branch","line":8,"loc":{"start":{"line":8,"column":21},"end":{"line":15,"column":2}},"locations":[{"start":{"line":8,"column":21},"end":{"line":15,"column":2}}]},"2":{"type":"branch","line":17,"loc":{"start":{"line":17,"column":15},"end":{"line":35,"column":2}},"locations":[{"start":{"line":17,"column":15},"end":{"line":35,"column":2}}]},"3":{"type":"branch","line":22,"loc":{"start":{"line":22,"column":2},"end":{"line":30,"column":3}},"locations":[{"start":{"line":22,"column":2},"end":{"line":30,"column":3}}]},"4":{"type":"branch","line":23,"loc":{"start":{"line":23,"column":26},"end":{"line":29,"column":7}},"locations":[{"start":{"line":23,"column":26},"end":{"line":29,"column":7}}]},"5":{"type":"branch","line":24,"loc":{"start":{"line":24,"column":37},"end":{"line":26,"column":7}},"locations":[{"start":{"line":24,"column":37},"end":{"line":26,"column":7}}]},"6":{"type":"branch","line":27,"loc":{"start":{"line":27,"column":-1},"end":{"line":29,"column":7}},"locations":[{"start":{"line":27,"column":-1},"end":{"line":29,"column":7}}]}},"b":{"0":[5],"1":[5],"2":[3],"3":[2],"4":[14],"5":[2],"6":[12]},"fnMap":{"0":{"name":"getExtName","decl":{"start":{"line":6,"column":20},"end":{"line":6,"column":37}},"loc":{"start":{"line":6,"column":20},"end":{"line":6,"column":37}},"line":6},"1":{"name":"getFileData","decl":{"start":{"line":8,"column":21},"end":{"line":15,"column":2}},"loc":{"start":{"line":8,"column":21},"end":{"line":15,"column":2}},"line":8},"2":{"name":"default","decl":{"start":{"line":17,"column":15},"end":{"line":35,"column":2}},"loc":{"start":{"line":17,"column":15},"end":{"line":35,"column":2}},"line":17},"3":{"name":"formatted","decl":{"start":{"line":22,"column":2},"end":{"line":30,"column":3}},"loc":{"start":{"line":22,"column":2},"end":{"line":30,"column":3}},"line":22}},"f":{"0":5,"1":5,"2":3,"3":2}}
,"/home/ochab/hexlet-projects/backend-project-lvl2/src/parsers.js": {"path":"/home/ochab/hexlet-projects/backend-project-lvl2/src/parsers.js","all":false,"statementMap":{"0":{"start":{"line":1,"column":0},"end":{"line":1,"column":27}},"1":{"start":{"line":2,"column":0},"end":{"line":2,"column":0}},"2":{"start":{"line":3,"column":0},"end":{"line":3,"column":42}},"3":{"start":{"line":4,"column":0},"end":{"line":4,"column":28}},"4":{"start":{"line":5,"column":0},"end":{"line":5,"column":32}},"5":{"start":{"line":6,"column":0},"end":{"line":6,"column":3}},"6":{"start":{"line":7,"column":0},"end":{"line":7,"column":50}},"7":{"start":{"line":8,"column":0},"end":{"line":8,"column":31}},"8":{"start":{"line":9,"column":0},"end":{"line":9,"column":3}},"9":{"start":{"line":10,"column":0},"end":{"line":10,"column":74}},"10":{"start":{"line":11,"column":0},"end":{"line":11,"column":2}},"11":{"start":{"line":12,"column":0},"end":{"line":12,"column":0}},"12":{"start":{"line":13,"column":0},"end":{"line":13,"column":25}}},"s":{"0":1,"1":1,"2":1,"3":5,"4":2,"5":2,"6":5,"7":2,"8":2,"9":1,"10":1,"11":1,"12":1},"branchMap":{"0":{"type":"branch","line":3,"loc":{"start":{"line":3,"column":18},"end":{"line":11,"column":2}},"locations":[{"start":{"line":3,"column":18},"end":{"line":11,"column":2}}]},"1":{"type":"branch","line":4,"loc":{"start":{"line":4,"column":27},"end":{"line":6,"column":3}},"locations":[{"start":{"line":4,"column":27},"end":{"line":6,"column":3}}]},"2":{"type":"branch","line":7,"loc":{"start":{"line":7,"column":-1},"end":{"line":7,"column":13}},"locations":[{"start":{"line":7,"column":-1},"end":{"line":7,"column":13}}]},"3":{"type":"branch","line":7,"loc":{"start":{"line":7,"column":6},"end":{"line":7,"column":49}},"locations":[{"start":{"line":7,"column":6},"end":{"line":7,"column":49}}]},"4":{"type":"branch","line":7,"loc":{"start":{"line":7,"column":49},"end":{"line":9,"column":3}},"locations":[{"start":{"line":7,"column":49},"end":{"line":9,"column":3}}]},"5":{"type":"branch","line":10,"loc":{"start":{"line":10,"column":-1},"end":{"line":11,"column":2}},"locations":[{"start":{"line":10,"column":-1},"end":{"line":11,"column":2}}]}},"b":{"0":[5],"1":[2],"2":[3],"3":[1],"4":[2],"5":[1]},"fnMap":{"0":{"name":"parseData","decl":{"start":{"line":3,"column":18},"end":{"line":11,"column":2}},"loc":{"start":{"line":3,"column":18},"end":{"line":11,"column":2}},"line":3}},"f":{"0":5}}
}
