TN:
SF:src/genDiff.js
FN:3,default
FN:9,ifAdded
FN:11,ifDeleted
FN:13,ifChanged
FN:15,addKeyData
FNF:5
FNH:5
FNDA:2,default
FNDA:10,ifAdded
FNDA:8,ifDeleted
FNDA:4,ifChanged
FNDA:10,addKeyData
DA:1,1
DA:2,1
DA:3,1
DA:4,2
DA:5,2
DA:6,2
DA:7,2
DA:8,2
DA:9,2
DA:10,2
DA:11,2
DA:12,2
DA:13,2
DA:14,2
DA:15,2
DA:16,10
DA:17,8
DA:18,8
DA:19,8
DA:20,4
DA:21,4
DA:22,2
DA:23,2
DA:24,2
DA:25,2
DA:26,2
DA:27,10
DA:28,2
DA:29,2
DA:30,2
DA:31,2
LF:31
LH:31
BRDA:3,0,0,2
BRDA:9,1,0,10
BRDA:11,2,0,8
BRDA:13,3,0,4
BRDA:15,4,0,10
BRDA:16,5,0,2
BRDA:16,6,0,8
BRDA:19,7,0,4
BRDA:21,8,0,2
BRDA:29,9,0,10
BRF:10
BRH:10
end_of_record
TN:
SF:src/index.js
FN:6,getExtName
FN:8,getFileData
FN:17,default
FN:22,formatted
FNF:4
FNH:4
FNDA:5,getExtName
FNDA:5,getFileData
FNDA:3,default
FNDA:2,formatted
DA:1,1
DA:2,1
DA:3,1
DA:4,1
DA:5,1
DA:6,1
DA:7,1
DA:8,1
DA:9,5
DA:10,5
DA:11,5
DA:12,5
DA:13,5
DA:14,5
DA:15,5
DA:16,1
DA:17,1
DA:18,3
DA:19,3
DA:20,3
DA:21,3
DA:22,3
DA:23,2
DA:24,14
DA:25,2
DA:26,2
DA:27,12
DA:28,12
DA:29,12
DA:30,2
DA:31,3
DA:32,3
DA:33,3
DA:34,3
DA:35,3
LF:35
LH:35
BRDA:6,0,0,5
BRDA:8,1,0,5
BRDA:17,2,0,3
BRDA:22,3,0,2
BRDA:23,4,0,14
BRDA:24,5,0,2
BRDA:27,6,0,12
BRF:7
BRH:7
end_of_record
TN:
SF:src/parsers.js
FN:3,parseData
FNF:1
FNH:1
FNDA:5,parseData
DA:1,1
DA:2,1
DA:3,1
DA:4,5
DA:5,2
DA:6,2
DA:7,5
DA:8,2
DA:9,2
DA:10,1
DA:11,1
DA:12,1
DA:13,1
LF:13
LH:13
BRDA:3,0,0,5
BRDA:4,1,0,2
BRDA:7,2,0,3
BRDA:7,3,0,1
BRDA:7,4,0,2
BRDA:10,5,0,1
BRF:6
BRH:6
end_of_record
