TN:
SF:src/genDiff.js
FN:3,genDiff
FN:9,ifAdded
FN:11,ifDeleted
FN:13,ifChanged
FN:15,isObject
FN:17,addStylishObject
FN:34,addKeyData
FNF:7
FNH:7
FNDA:10,genDiff
FNDA:36,ifAdded
FNDA:26,ifDeleted
FNDA:36,ifChanged
FNDA:80,isObject
FNDA:14,addStylishObject
FNDA:36,addKeyData
DA:1,1
DA:2,1
DA:3,1
DA:4,10
DA:5,10
DA:6,10
DA:7,10
DA:8,10
DA:9,10
DA:10,10
DA:11,10
DA:12,10
DA:13,10
DA:14,10
DA:15,10
DA:16,10
DA:17,10
DA:18,14
DA:19,14
DA:20,18
DA:21,18
DA:22,18
DA:23,18
DA:24,18
DA:25,18
DA:26,6
DA:27,6
DA:28,6
DA:29,12
DA:30,12
DA:31,14
DA:32,14
DA:33,10
DA:34,10
DA:35,36
DA:36,26
DA:37,26
DA:38,22
DA:39,22
DA:40,14
DA:41,14
DA:42,6
DA:43,6
DA:44,6
DA:45,6
DA:46,6
DA:47,36
DA:48,10
DA:49,10
DA:50,10
DA:51,10
DA:52,1
DA:53,1
LF:53
LH:53
BRDA:3,0,0,10
BRDA:9,1,0,36
BRDA:11,2,0,26
BRDA:13,3,0,36
BRDA:15,4,0,80
BRDA:15,5,0,34
BRDA:17,6,0,14
BRDA:19,7,0,18
BRDA:22,8,0,0
BRDA:25,9,0,6
BRDA:29,10,0,12
BRDA:34,11,0,36
BRDA:35,12,0,10
BRDA:36,13,0,4
BRDA:36,14,0,6
BRDA:35,15,0,26
BRDA:37,16,0,4
BRDA:38,17,0,2
BRDA:38,18,0,2
BRDA:37,19,0,22
BRDA:39,20,0,16
BRDA:39,21,0,10
BRDA:39,22,0,8
BRDA:39,23,0,14
BRDA:41,24,0,8
BRDA:42,25,0,2
BRDA:42,26,0,6
BRDA:43,27,0,0
BRDA:41,28,0,6
BRDA:45,29,0,0
BRDA:49,30,0,36
BRF:31
BRH:28
end_of_record
TN:
SF:src/index.js
FN:7,getExtName
FN:9,getFileData
FN:18,default
FNF:3
FNH:3
FNDA:4,getExtName
FNDA:4,getFileData
FNDA:2,default
DA:1,1
DA:2,1
DA:3,1
DA:4,1
DA:5,1
DA:6,1
DA:7,1
DA:8,1
DA:9,1
DA:10,4
DA:11,4
DA:12,4
DA:13,4
DA:14,4
DA:15,4
DA:16,4
DA:17,1
DA:18,1
DA:19,2
DA:20,2
DA:21,2
DA:22,2
DA:23,2
LF:23
LH:23
BRDA:7,0,0,4
BRDA:9,1,0,4
BRDA:18,2,0,2
BRF:3
BRH:3
end_of_record
TN:
SF:src/parsers.js
FN:3,parseData
FNF:1
FNH:1
FNDA:4,parseData
DA:1,1
DA:2,1
DA:3,1
DA:4,4
DA:5,2
DA:6,2
DA:7,4
DA:8,2
DA:9,2
DA:10,0
DA:11,0
DA:12,1
DA:13,1
LF:13
LH:11
BRDA:3,0,0,4
BRDA:4,1,0,2
BRDA:7,2,0,0
BRDA:7,3,0,2
BRDA:10,4,0,0
BRF:5
BRH:3
end_of_record
TN:
SF:src/formatters/formatsNav.js
FN:3,default
FNF:1
FNH:1
FNDA:2,default
DA:1,1
DA:2,1
DA:3,1
DA:4,2
DA:5,2
DA:6,2
DA:7,0
DA:8,0
LF:8
LH:6
BRDA:3,0,0,2
BRDA:7,1,0,0
BRF:2
BRH:1
end_of_record
TN:
SF:src/formatters/stylish.js
FN:3,makeStylish
FN:6,addObject
FN:27,formatted
FNF:3
FNH:3
FNDA:2,makeStylish
FNDA:24,addObject
FNDA:2,formatted
DA:1,1
DA:2,1
DA:3,1
DA:4,2
DA:5,2
DA:6,2
DA:7,24
DA:8,24
DA:9,24
DA:10,62
DA:11,62
DA:12,22
DA:13,22
DA:14,22
DA:15,22
DA:16,22
DA:17,22
DA:18,22
DA:19,22
DA:20,22
DA:21,40
DA:22,40
DA:23,40
DA:24,40
DA:25,24
DA:26,24
DA:27,2
DA:28,2
DA:29,2
DA:30,2
DA:31,2
DA:32,2
DA:33,2
DA:34,2
DA:35,2
DA:36,1
DA:37,1
LF:37
LH:37
BRDA:3,0,0,2
BRDA:6,1,0,24
BRDA:9,2,0,62
BRDA:11,3,0,24
BRDA:11,4,0,22
BRDA:21,5,0,40
BRDA:27,6,0,2
BRF:7
BRH:7
end_of_record
